This file contains any messages produced by compilers while
running configure, to aid debugging if configure makes a mistake.

It was created by RTcmix configure 4.0, which was
generated by GNU Autoconf 2.59.  Invocation command line was

  $ ./configure 

## --------- ##
## Platform. ##
## --------- ##

hostname = jwmatthys-hpdv6
uname -m = x86_64
uname -r = 3.2.0-29-generic
uname -s = Linux
uname -v = #46-Ubuntu SMP Fri Jul 27 17:03:23 UTC 2012

/usr/bin/uname -p = unknown
/bin/uname -X     = unknown

/bin/arch              = unknown
/usr/bin/arch -k       = unknown
/usr/convex/getsysinfo = unknown
hostinfo               = unknown
/bin/machine           = unknown
/usr/bin/oslevel       = unknown
/bin/universe          = unknown

PATH: /usr/lib/lightdm/lightdm
PATH: /usr/local/sbin
PATH: /usr/local/bin
PATH: /usr/sbin
PATH: /usr/bin
PATH: /sbin
PATH: /bin
PATH: /usr/games
PATH: /home/jwmatthys/Software/RTcmix-all-053012/bin
PATH: /home/jwmatthys/android/android-sdk-linux_x86/platform-tools
PATH: /home/jwmatthys/android/android-sdk-linux_x86/tools
PATH: /home/jwmatthys/Software/kinect/Sensebloom-OSCeleton-7307683
PATH: /opt/racket/bin
PATH: /opt/fluxusgit/bin


## ----------- ##
## Core tests. ##
## ----------- ##

configure:1369: checking build system type
configure:1387: result: x86_64-unknown-linux-gnu
configure:1395: checking host system type
configure:1409: result: x86_64-unknown-linux-gnu
configure:1628: checking for gcc
configure:1644: found /usr/bin/gcc
configure:1654: result: gcc
configure:1898: checking for C compiler version
configure:1901: gcc --version </dev/null >&5
gcc (Ubuntu/Linaro 4.6.3-1ubuntu5) 4.6.3
Copyright (C) 2011 Free Software Foundation, Inc.
This is free software; see the source for copying conditions.  There is NO
warranty; not even for MERCHANTABILITY or FITNESS FOR A PARTICULAR PURPOSE.

configure:1904: $? = 0
configure:1906: gcc -v </dev/null >&5
Using built-in specs.
COLLECT_GCC=gcc
COLLECT_LTO_WRAPPER=/usr/lib/gcc/x86_64-linux-gnu/4.6/lto-wrapper
Target: x86_64-linux-gnu
Configured with: ../src/configure -v --with-pkgversion='Ubuntu/Linaro 4.6.3-1ubuntu5' --with-bugurl=file:///usr/share/doc/gcc-4.6/README.Bugs --enable-languages=c,c++,fortran,objc,obj-c++ --prefix=/usr --program-suffix=-4.6 --enable-shared --enable-linker-build-id --with-system-zlib --libexecdir=/usr/lib --without-included-gettext --enable-threads=posix --with-gxx-include-dir=/usr/include/c++/4.6 --libdir=/usr/lib --enable-nls --with-sysroot=/ --enable-clocale=gnu --enable-libstdcxx-debug --enable-libstdcxx-time=yes --enable-gnu-unique-object --enable-plugin --enable-objc-gc --disable-werror --with-arch-32=i686 --with-tune=generic --enable-checking=release --build=x86_64-linux-gnu --host=x86_64-linux-gnu --target=x86_64-linux-gnu
Thread model: posix
gcc version 4.6.3 (Ubuntu/Linaro 4.6.3-1ubuntu5) 
configure:1909: $? = 0
configure:1911: gcc -V </dev/null >&5
gcc: error: unrecognized option '-V'
gcc: fatal error: no input files
compilation terminated.
configure:1914: $? = 4
configure:1937: checking for C compiler default output file name
configure:1940: gcc    conftest.c  >&5
configure:1943: $? = 0
configure:1989: result: a.out
configure:1994: checking whether the C compiler works
configure:2000: ./a.out
configure:2003: $? = 0
configure:2020: result: yes
configure:2027: checking whether we are cross compiling
configure:2029: result: no
configure:2032: checking for suffix of executables
configure:2034: gcc -o conftest    conftest.c  >&5
configure:2037: $? = 0
configure:2062: result: 
configure:2068: checking for suffix of object files
configure:2089: gcc -c   conftest.c >&5
configure:2092: $? = 0
configure:2114: result: o
configure:2118: checking whether we are using the GNU C compiler
configure:2142: gcc -c   conftest.c >&5
configure:2148: $? = 0
configure:2152: test -z 
			 || test ! -s conftest.err
configure:2155: $? = 0
configure:2158: test -s conftest.o
configure:2161: $? = 0
configure:2174: result: yes
configure:2180: checking whether gcc accepts -g
configure:2201: gcc -c -g  conftest.c >&5
configure:2207: $? = 0
configure:2211: test -z 
			 || test ! -s conftest.err
configure:2214: $? = 0
configure:2217: test -s conftest.o
configure:2220: $? = 0
configure:2231: result: yes
configure:2248: checking for gcc option to accept ANSI C
configure:2318: gcc  -c -g -O2  conftest.c >&5
configure:2324: $? = 0
configure:2328: test -z 
			 || test ! -s conftest.err
configure:2331: $? = 0
configure:2334: test -s conftest.o
configure:2337: $? = 0
configure:2355: result: none needed
configure:2373: gcc -c -g -O2  conftest.c >&5
conftest.c:2:3: error: unknown type name 'choke'
conftest.c:2:3: error: expected '=', ',', ';', 'asm' or '__attribute__' at end of input
configure:2379: $? = 1
configure: failed program was:
| #ifndef __cplusplus
|   choke me
| #endif
configure:2564: checking for g++
configure:2580: found /usr/bin/g++
configure:2590: result: g++
configure:2606: checking for C++ compiler version
configure:2609: g++ --version </dev/null >&5
g++ (Ubuntu/Linaro 4.6.3-1ubuntu5) 4.6.3
Copyright (C) 2011 Free Software Foundation, Inc.
This is free software; see the source for copying conditions.  There is NO
warranty; not even for MERCHANTABILITY or FITNESS FOR A PARTICULAR PURPOSE.

configure:2612: $? = 0
configure:2614: g++ -v </dev/null >&5
Using built-in specs.
COLLECT_GCC=g++
COLLECT_LTO_WRAPPER=/usr/lib/gcc/x86_64-linux-gnu/4.6/lto-wrapper
Target: x86_64-linux-gnu
Configured with: ../src/configure -v --with-pkgversion='Ubuntu/Linaro 4.6.3-1ubuntu5' --with-bugurl=file:///usr/share/doc/gcc-4.6/README.Bugs --enable-languages=c,c++,fortran,objc,obj-c++ --prefix=/usr --program-suffix=-4.6 --enable-shared --enable-linker-build-id --with-system-zlib --libexecdir=/usr/lib --without-included-gettext --enable-threads=posix --with-gxx-include-dir=/usr/include/c++/4.6 --libdir=/usr/lib --enable-nls --with-sysroot=/ --enable-clocale=gnu --enable-libstdcxx-debug --enable-libstdcxx-time=yes --enable-gnu-unique-object --enable-plugin --enable-objc-gc --disable-werror --with-arch-32=i686 --with-tune=generic --enable-checking=release --build=x86_64-linux-gnu --host=x86_64-linux-gnu --target=x86_64-linux-gnu
Thread model: posix
gcc version 4.6.3 (Ubuntu/Linaro 4.6.3-1ubuntu5) 
configure:2617: $? = 0
configure:2619: g++ -V </dev/null >&5
g++: error: unrecognized option '-V'
g++: fatal error: no input files
compilation terminated.
configure:2622: $? = 4
configure:2625: checking whether we are using the GNU C++ compiler
configure:2649: g++ -c   conftest.cc >&5
configure:2655: $? = 0
configure:2659: test -z 
			 || test ! -s conftest.err
configure:2662: $? = 0
configure:2665: test -s conftest.o
configure:2668: $? = 0
configure:2681: result: yes
configure:2687: checking whether g++ accepts -g
configure:2708: g++ -c -g  conftest.cc >&5
configure:2714: $? = 0
configure:2718: test -z 
			 || test ! -s conftest.err
configure:2721: $? = 0
configure:2724: test -s conftest.o
configure:2727: $? = 0
configure:2738: result: yes
configure:2780: g++ -c -g -O2  conftest.cc >&5
configure:2786: $? = 0
configure:2790: test -z 
			 || test ! -s conftest.err
configure:2793: $? = 0
configure:2796: test -s conftest.o
configure:2799: $? = 0
configure:2825: g++ -c -g -O2  conftest.cc >&5
conftest.cc: In function 'int main()':
conftest.cc:13:9: error: 'exit' was not declared in this scope
configure:2831: $? = 1
configure: failed program was:
| /* confdefs.h.  */
| 
| #define PACKAGE_NAME "RTcmix"
| #define PACKAGE_TARNAME "rtcmix"
| #define PACKAGE_VERSION "4.0"
| #define PACKAGE_STRING "RTcmix 4.0"
| #define PACKAGE_BUGREPORT ""
| /* end confdefs.h.  */
| 
| int
| main ()
| {
| exit (42);
|   ;
|   return 0;
| }
configure:2780: g++ -c -g -O2  conftest.cc >&5
conftest.cc:9:40: error: 'void std::exit(int)' should have been declared inside 'std'
configure:2786: $? = 1
configure: failed program was:
| /* confdefs.h.  */
| 
| #define PACKAGE_NAME "RTcmix"
| #define PACKAGE_TARNAME "rtcmix"
| #define PACKAGE_VERSION "4.0"
| #define PACKAGE_STRING "RTcmix 4.0"
| #define PACKAGE_BUGREPORT ""
| /* end confdefs.h.  */
| extern "C" void std::exit (int) throw (); using std::exit;
| #include <stdlib.h>
| int
| main ()
| {
| exit (42);
|   ;
|   return 0;
| }
configure:2780: g++ -c -g -O2  conftest.cc >&5
conftest.cc:9:31: error: 'void std::exit(int)' should have been declared inside 'std'
In file included from conftest.cc:10:0:
/usr/include/stdlib.h:544:70: error: declaration of 'void std::exit(int) throw ()' has a different exception specifier
conftest.cc:9:17: error: from previous declaration 'void std::exit(int)'
configure:2786: $? = 1
configure: failed program was:
| /* confdefs.h.  */
| 
| #define PACKAGE_NAME "RTcmix"
| #define PACKAGE_TARNAME "rtcmix"
| #define PACKAGE_VERSION "4.0"
| #define PACKAGE_STRING "RTcmix 4.0"
| #define PACKAGE_BUGREPORT ""
| /* end confdefs.h.  */
| extern "C" void std::exit (int); using std::exit;
| #include <stdlib.h>
| int
| main ()
| {
| exit (42);
|   ;
|   return 0;
| }
configure:2780: g++ -c -g -O2  conftest.cc >&5
configure:2786: $? = 0
configure:2790: test -z 
			 || test ! -s conftest.err
configure:2793: $? = 0
configure:2796: test -s conftest.o
configure:2799: $? = 0
configure:2825: g++ -c -g -O2  conftest.cc >&5
configure:2831: $? = 0
configure:2835: test -z 
			 || test ! -s conftest.err
configure:2838: $? = 0
configure:2841: test -s conftest.o
configure:2844: $? = 0
configure:2875: checking how to run the C preprocessor
configure:2910: gcc -E  conftest.c
configure:2916: $? = 0
configure:2948: gcc -E  conftest.c
conftest.c:12:28: fatal error: ac_nonexistent.h: No such file or directory
compilation terminated.
configure:2954: $? = 1
configure: failed program was:
| /* confdefs.h.  */
| 
| #define PACKAGE_NAME "RTcmix"
| #define PACKAGE_TARNAME "rtcmix"
| #define PACKAGE_VERSION "4.0"
| #define PACKAGE_STRING "RTcmix 4.0"
| #define PACKAGE_BUGREPORT ""
| #ifdef __cplusplus
| extern "C" void exit (int) throw ();
| #endif
| /* end confdefs.h.  */
| #include <ac_nonexistent.h>
configure:2993: result: gcc -E
configure:3017: gcc -E  conftest.c
configure:3023: $? = 0
configure:3055: gcc -E  conftest.c
conftest.c:12:28: fatal error: ac_nonexistent.h: No such file or directory
compilation terminated.
configure:3061: $? = 1
configure: failed program was:
| /* confdefs.h.  */
| 
| #define PACKAGE_NAME "RTcmix"
| #define PACKAGE_TARNAME "rtcmix"
| #define PACKAGE_VERSION "4.0"
| #define PACKAGE_STRING "RTcmix 4.0"
| #define PACKAGE_BUGREPORT ""
| #ifdef __cplusplus
| extern "C" void exit (int) throw ();
| #endif
| /* end confdefs.h.  */
| #include <ac_nonexistent.h>
configure:3105: checking for X
configure:3210: gcc -E  conftest.c
configure:3216: $? = 0
configure:3266: gcc -o conftest -g -O2   conftest.c -lXt  >&5
configure:3272: $? = 0
configure:3276: test -z 
			 || test ! -s conftest.err
configure:3279: $? = 0
configure:3282: test -s conftest
configure:3285: $? = 0
configure:3335: result: libraries , headers 
configure:3342: checking for egrep
configure:3352: result: grep -E
configure:3357: checking for ANSI C header files
configure:3382: gcc -c -g -O2  conftest.c >&5
configure:3388: $? = 0
configure:3392: test -z 
			 || test ! -s conftest.err
configure:3395: $? = 0
configure:3398: test -s conftest.o
configure:3401: $? = 0
configure:3490: gcc -o conftest -g -O2   conftest.c  >&5
conftest.c: In function 'main':
conftest.c:29:7: warning: incompatible implicit declaration of built-in function 'exit' [enabled by default]
configure:3493: $? = 0
configure:3495: ./conftest
configure:3498: $? = 0
configure:3513: result: yes
configure:3537: checking for sys/types.h
configure:3553: gcc -c -g -O2  conftest.c >&5
configure:3559: $? = 0
configure:3563: test -z 
			 || test ! -s conftest.err
configure:3566: $? = 0
configure:3569: test -s conftest.o
configure:3572: $? = 0
configure:3583: result: yes
configure:3537: checking for sys/stat.h
configure:3553: gcc -c -g -O2  conftest.c >&5
configure:3559: $? = 0
configure:3563: test -z 
			 || test ! -s conftest.err
configure:3566: $? = 0
configure:3569: test -s conftest.o
configure:3572: $? = 0
configure:3583: result: yes
configure:3537: checking for stdlib.h
configure:3553: gcc -c -g -O2  conftest.c >&5
configure:3559: $? = 0
configure:3563: test -z 
			 || test ! -s conftest.err
configure:3566: $? = 0
configure:3569: test -s conftest.o
configure:3572: $? = 0
configure:3583: result: yes
configure:3537: checking for string.h
configure:3553: gcc -c -g -O2  conftest.c >&5
configure:3559: $? = 0
configure:3563: test -z 
			 || test ! -s conftest.err
configure:3566: $? = 0
configure:3569: test -s conftest.o
configure:3572: $? = 0
configure:3583: result: yes
configure:3537: checking for memory.h
configure:3553: gcc -c -g -O2  conftest.c >&5
configure:3559: $? = 0
configure:3563: test -z 
			 || test ! -s conftest.err
configure:3566: $? = 0
configure:3569: test -s conftest.o
configure:3572: $? = 0
configure:3583: result: yes
configure:3537: checking for strings.h
configure:3553: gcc -c -g -O2  conftest.c >&5
configure:3559: $? = 0
configure:3563: test -z 
			 || test ! -s conftest.err
configure:3566: $? = 0
configure:3569: test -s conftest.o
configure:3572: $? = 0
configure:3583: result: yes
configure:3537: checking for inttypes.h
configure:3553: gcc -c -g -O2  conftest.c >&5
configure:3559: $? = 0
configure:3563: test -z 
			 || test ! -s conftest.err
configure:3566: $? = 0
configure:3569: test -s conftest.o
configure:3572: $? = 0
configure:3583: result: yes
configure:3537: checking for stdint.h
configure:3553: gcc -c -g -O2  conftest.c >&5
configure:3559: $? = 0
configure:3563: test -z 
			 || test ! -s conftest.err
configure:3566: $? = 0
configure:3569: test -s conftest.o
configure:3572: $? = 0
configure:3583: result: yes
configure:3537: checking for unistd.h
configure:3553: gcc -c -g -O2  conftest.c >&5
configure:3559: $? = 0
configure:3563: test -z 
			 || test ! -s conftest.err
configure:3566: $? = 0
configure:3569: test -s conftest.o
configure:3572: $? = 0
configure:3583: result: yes
configure:3629: checking fcntl.h usability
configure:3641: gcc -c -g -O2  conftest.c >&5
configure:3647: $? = 0
configure:3651: test -z 
			 || test ! -s conftest.err
configure:3654: $? = 0
configure:3657: test -s conftest.o
configure:3660: $? = 0
configure:3670: result: yes
configure:3674: checking fcntl.h presence
configure:3684: gcc -E  conftest.c
configure:3690: $? = 0
configure:3710: result: yes
configure:3745: checking for fcntl.h
configure:3752: result: yes
configure:3629: checking float.h usability
configure:3641: gcc -c -g -O2  conftest.c >&5
configure:3647: $? = 0
configure:3651: test -z 
			 || test ! -s conftest.err
configure:3654: $? = 0
configure:3657: test -s conftest.o
configure:3660: $? = 0
configure:3670: result: yes
configure:3674: checking float.h presence
configure:3684: gcc -E  conftest.c
configure:3690: $? = 0
configure:3710: result: yes
configure:3745: checking for float.h
configure:3752: result: yes
configure:3629: checking limits.h usability
configure:3641: gcc -c -g -O2  conftest.c >&5
configure:3647: $? = 0
configure:3651: test -z 
			 || test ! -s conftest.err
configure:3654: $? = 0
configure:3657: test -s conftest.o
configure:3660: $? = 0
configure:3670: result: yes
configure:3674: checking limits.h presence
configure:3684: gcc -E  conftest.c
configure:3690: $? = 0
configure:3710: result: yes
configure:3745: checking for limits.h
configure:3752: result: yes
configure:3629: checking mach/mach.h usability
configure:3641: gcc -c -g -O2  conftest.c >&5
conftest.c:59:23: fatal error: mach/mach.h: No such file or directory
compilation terminated.
configure:3647: $? = 1
configure: failed program was:
| /* confdefs.h.  */
| 
| #define PACKAGE_NAME "RTcmix"
| #define PACKAGE_TARNAME "rtcmix"
| #define PACKAGE_VERSION "4.0"
| #define PACKAGE_STRING "RTcmix 4.0"
| #define PACKAGE_BUGREPORT ""
| #ifdef __cplusplus
| extern "C" void exit (int) throw ();
| #endif
| #define STDC_HEADERS 1
| #define HAVE_SYS_TYPES_H 1
| #define HAVE_SYS_STAT_H 1
| #define HAVE_STDLIB_H 1
| #define HAVE_STRING_H 1
| #define HAVE_MEMORY_H 1
| #define HAVE_STRINGS_H 1
| #define HAVE_INTTYPES_H 1
| #define HAVE_STDINT_H 1
| #define HAVE_UNISTD_H 1
| #define HAVE_FCNTL_H 1
| #define HAVE_FLOAT_H 1
| #define HAVE_LIMITS_H 1
| /* end confdefs.h.  */
| #include <stdio.h>
| #if HAVE_SYS_TYPES_H
| # include <sys/types.h>
| #endif
| #if HAVE_SYS_STAT_H
| # include <sys/stat.h>
| #endif
| #if STDC_HEADERS
| # include <stdlib.h>
| # include <stddef.h>
| #else
| # if HAVE_STDLIB_H
| #  include <stdlib.h>
| # endif
| #endif
| #if HAVE_STRING_H
| # if !STDC_HEADERS && HAVE_MEMORY_H
| #  include <memory.h>
| # endif
| # include <string.h>
| #endif
| #if HAVE_STRINGS_H
| # include <strings.h>
| #endif
| #if HAVE_INTTYPES_H
| # include <inttypes.h>
| #else
| # if HAVE_STDINT_H
| #  include <stdint.h>
| # endif
| #endif
| #if HAVE_UNISTD_H
| # include <unistd.h>
| #endif
| #include <mach/mach.h>
configure:3670: result: no
configure:3674: checking mach/mach.h presence
configure:3684: gcc -E  conftest.c
conftest.c:25:23: fatal error: mach/mach.h: No such file or directory
compilation terminated.
configure:3690: $? = 1
configure: failed program was:
| /* confdefs.h.  */
| 
| #define PACKAGE_NAME "RTcmix"
| #define PACKAGE_TARNAME "rtcmix"
| #define PACKAGE_VERSION "4.0"
| #define PACKAGE_STRING "RTcmix 4.0"
| #define PACKAGE_BUGREPORT ""
| #ifdef __cplusplus
| extern "C" void exit (int) throw ();
| #endif
| #define STDC_HEADERS 1
| #define HAVE_SYS_TYPES_H 1
| #define HAVE_SYS_STAT_H 1
| #define HAVE_STDLIB_H 1
| #define HAVE_STRING_H 1
| #define HAVE_MEMORY_H 1
| #define HAVE_STRINGS_H 1
| #define HAVE_INTTYPES_H 1
| #define HAVE_STDINT_H 1
| #define HAVE_UNISTD_H 1
| #define HAVE_FCNTL_H 1
| #define HAVE_FLOAT_H 1
| #define HAVE_LIMITS_H 1
| /* end confdefs.h.  */
| #include <mach/mach.h>
configure:3710: result: no
configure:3745: checking for mach/mach.h
configure:3752: result: no
configure:3629: checking netdb.h usability
configure:3641: gcc -c -g -O2  conftest.c >&5
configure:3647: $? = 0
configure:3651: test -z 
			 || test ! -s conftest.err
configure:3654: $? = 0
configure:3657: test -s conftest.o
configure:3660: $? = 0
configure:3670: result: yes
configure:3674: checking netdb.h presence
configure:3684: gcc -E  conftest.c
configure:3690: $? = 0
configure:3710: result: yes
configure:3745: checking for netdb.h
configure:3752: result: yes
configure:3629: checking netinet/in.h usability
configure:3641: gcc -c -g -O2  conftest.c >&5
configure:3647: $? = 0
configure:3651: test -z 
			 || test ! -s conftest.err
configure:3654: $? = 0
configure:3657: test -s conftest.o
configure:3660: $? = 0
configure:3670: result: yes
configure:3674: checking netinet/in.h presence
configure:3684: gcc -E  conftest.c
configure:3690: $? = 0
configure:3710: result: yes
configure:3745: checking for netinet/in.h
configure:3752: result: yes
configure:3629: checking stddef.h usability
configure:3641: gcc -c -g -O2  conftest.c >&5
configure:3647: $? = 0
configure:3651: test -z 
			 || test ! -s conftest.err
configure:3654: $? = 0
configure:3657: test -s conftest.o
configure:3660: $? = 0
configure:3670: result: yes
configure:3674: checking stddef.h presence
configure:3684: gcc -E  conftest.c
configure:3690: $? = 0
configure:3710: result: yes
configure:3745: checking for stddef.h
configure:3752: result: yes
configure:3620: checking for stdint.h
configure:3625: result: yes
configure:3620: checking for stdlib.h
configure:3625: result: yes
configure:3620: checking for string.h
configure:3625: result: yes
configure:3620: checking for strings.h
configure:3625: result: yes
configure:3629: checking sys/file.h usability
configure:3641: gcc -c -g -O2  conftest.c >&5
configure:3647: $? = 0
configure:3651: test -z 
			 || test ! -s conftest.err
configure:3654: $? = 0
configure:3657: test -s conftest.o
configure:3660: $? = 0
configure:3670: result: yes
configure:3674: checking sys/file.h presence
configure:3684: gcc -E  conftest.c
configure:3690: $? = 0
configure:3710: result: yes
configure:3745: checking for sys/file.h
configure:3752: result: yes
configure:3629: checking sys/ioctl.h usability
configure:3641: gcc -c -g -O2  conftest.c >&5
configure:3647: $? = 0
configure:3651: test -z 
			 || test ! -s conftest.err
configure:3654: $? = 0
configure:3657: test -s conftest.o
configure:3660: $? = 0
configure:3670: result: yes
configure:3674: checking sys/ioctl.h presence
configure:3684: gcc -E  conftest.c
configure:3690: $? = 0
configure:3710: result: yes
configure:3745: checking for sys/ioctl.h
configure:3752: result: yes
configure:3629: checking sys/param.h usability
configure:3641: gcc -c -g -O2  conftest.c >&5
configure:3647: $? = 0
configure:3651: test -z 
			 || test ! -s conftest.err
configure:3654: $? = 0
configure:3657: test -s conftest.o
configure:3660: $? = 0
configure:3670: result: yes
configure:3674: checking sys/param.h presence
configure:3684: gcc -E  conftest.c
configure:3690: $? = 0
configure:3710: result: yes
configure:3745: checking for sys/param.h
configure:3752: result: yes
configure:3629: checking sys/socket.h usability
configure:3641: gcc -c -g -O2  conftest.c >&5
configure:3647: $? = 0
configure:3651: test -z 
			 || test ! -s conftest.err
configure:3654: $? = 0
configure:3657: test -s conftest.o
configure:3660: $? = 0
configure:3670: result: yes
configure:3674: checking sys/socket.h presence
configure:3684: gcc -E  conftest.c
configure:3690: $? = 0
configure:3710: result: yes
configure:3745: checking for sys/socket.h
configure:3752: result: yes
configure:3629: checking sys/time.h usability
configure:3641: gcc -c -g -O2  conftest.c >&5
configure:3647: $? = 0
configure:3651: test -z 
			 || test ! -s conftest.err
configure:3654: $? = 0
configure:3657: test -s conftest.o
configure:3660: $? = 0
configure:3670: result: yes
configure:3674: checking sys/time.h presence
configure:3684: gcc -E  conftest.c
configure:3690: $? = 0
configure:3710: result: yes
configure:3745: checking for sys/time.h
configure:3752: result: yes
configure:3629: checking termios.h usability
configure:3641: gcc -c -g -O2  conftest.c >&5
configure:3647: $? = 0
configure:3651: test -z 
			 || test ! -s conftest.err
configure:3654: $? = 0
configure:3657: test -s conftest.o
configure:3660: $? = 0
configure:3670: result: yes
configure:3674: checking termios.h presence
configure:3684: gcc -E  conftest.c
configure:3690: $? = 0
configure:3710: result: yes
configure:3745: checking for termios.h
configure:3752: result: yes
configure:3620: checking for unistd.h
configure:3625: result: yes
configure:3629: checking values.h usability
configure:3641: gcc -c -g -O2  conftest.c >&5
configure:3647: $? = 0
configure:3651: test -z 
			 || test ! -s conftest.err
configure:3654: $? = 0
configure:3657: test -s conftest.o
configure:3660: $? = 0
configure:3670: result: yes
configure:3674: checking values.h presence
configure:3684: gcc -E  conftest.c
configure:3690: $? = 0
configure:3710: result: yes
configure:3745: checking for values.h
configure:3752: result: yes
configure:4483: creating ./config.status

## ---------------------- ##
## Running config.status. ##
## ---------------------- ##

This file was extended by RTcmix config.status 4.0, which was
generated by GNU Autoconf 2.59.  Invocation command line was

  CONFIG_FILES    = 
  CONFIG_HEADERS  = 
  CONFIG_LINKS    = 
  CONFIG_COMMANDS = 
  $ ./config.status 

on jwmatthys-hpdv6

config.status:674: creating makefile.conf
config.status:674: creating defs.conf
config.status:777: creating config.h
config.status:827: error: cannot find input file: config.h.in

## ---------------- ##
## Cache variables. ##
## ---------------- ##

ac_cv_build=x86_64-unknown-linux-gnu
ac_cv_build_alias=x86_64-unknown-linux-gnu
ac_cv_c_compiler_gnu=yes
ac_cv_cxx_compiler_gnu=yes
ac_cv_env_CC_set=
ac_cv_env_CC_value=
ac_cv_env_CFLAGS_set=
ac_cv_env_CFLAGS_value=
ac_cv_env_CPPFLAGS_set=
ac_cv_env_CPPFLAGS_value=
ac_cv_env_CPP_set=
ac_cv_env_CPP_value=
ac_cv_env_CXXFLAGS_set=
ac_cv_env_CXXFLAGS_value=
ac_cv_env_CXX_set=
ac_cv_env_CXX_value=
ac_cv_env_LDFLAGS_set=
ac_cv_env_LDFLAGS_value=
ac_cv_env_build_alias_set=
ac_cv_env_build_alias_value=
ac_cv_env_host_alias_set=
ac_cv_env_host_alias_value=
ac_cv_env_target_alias_set=
ac_cv_env_target_alias_value=
ac_cv_exeext=
ac_cv_have_x='have_x=yes 		ac_x_includes= ac_x_libraries='
ac_cv_header_fcntl_h=yes
ac_cv_header_float_h=yes
ac_cv_header_inttypes_h=yes
ac_cv_header_limits_h=yes
ac_cv_header_mach_mach_h=no
ac_cv_header_memory_h=yes
ac_cv_header_netdb_h=yes
ac_cv_header_netinet_in_h=yes
ac_cv_header_stdc=yes
ac_cv_header_stddef_h=yes
ac_cv_header_stdint_h=yes
ac_cv_header_stdlib_h=yes
ac_cv_header_string_h=yes
ac_cv_header_strings_h=yes
ac_cv_header_sys_file_h=yes
ac_cv_header_sys_ioctl_h=yes
ac_cv_header_sys_param_h=yes
ac_cv_header_sys_socket_h=yes
ac_cv_header_sys_stat_h=yes
ac_cv_header_sys_time_h=yes
ac_cv_header_sys_types_h=yes
ac_cv_header_termios_h=yes
ac_cv_header_unistd_h=yes
ac_cv_header_values_h=yes
ac_cv_host=x86_64-unknown-linux-gnu
ac_cv_host_alias=x86_64-unknown-linux-gnu
ac_cv_objext=o
ac_cv_prog_CPP='gcc -E'
ac_cv_prog_ac_ct_CC=gcc
ac_cv_prog_ac_ct_CXX=g++
ac_cv_prog_cc_g=yes
ac_cv_prog_cc_stdc=
ac_cv_prog_cxx_g=yes
ac_cv_prog_egrep='grep -E'

## ----------------- ##
## Output variables. ##
## ----------------- ##

ARCH='LINUX'
AUDIODRIVER='AUTO'
CC='gcc'
CFLAGS='-g -O2'
CMIXDIR='/home/jwmatthys/Software/rtcmix-in-pd/RTcmix-maxmsp-4.0.1.6'
CPP='gcc -E'
CPPFLAGS=''
CXX='g++'
CXXFLAGS='-g -O2'
DEFS='-DHAVE_CONFIG_H'
ECHO_C=''
ECHO_N='-n'
ECHO_T=''
EGREP='grep -E'
EXEEXT=''
FFTW_CFLAGS=''
FFTW_LIBS=''
FFTW_SUPPORT='FALSE'
HTMLDESTDIR='/home/jwmatthys/Software/rtcmix-in-pd/RTcmix-maxmsp-4.0.1.6/docs/html'
JACK_CFLAGS=''
JACK_LIBS=''
JACK_SUPPORT='FALSE'
LDFLAGS=''
LIBLO_CFLAGS=''
LIBLO_LIBS=''
LIBOBJS=''
LIBS=''
LTLIBOBJS=''
NPLAY_SUPPORT='FALSE'
OBJEXT='o'
OSC_SUPPORT='FALSE'
PACKAGE_BUGREPORT=''
PACKAGE_NAME='RTcmix'
PACKAGE_STRING='RTcmix 4.0'
PACKAGE_TARNAME='rtcmix'
PACKAGE_VERSION='4.0'
PATH_SEPARATOR=':'
PERL='perl'
PERL_IN_LOCAL='FALSE'
PERL_SUPPORT='FALSE'
PKG_CONFIG=''
PYTHON='python'
PYTHON_SUPPORT='FALSE'
SHELL='/bin/bash'
ac_ct_CC='gcc'
ac_ct_CXX='g++'
bindir='${exec_prefix}/bin'
build='x86_64-unknown-linux-gnu'
build_alias=''
build_cpu='x86_64'
build_os='linux-gnu'
build_vendor='unknown'
datadir='${prefix}/share'
exec_prefix='${prefix}'
host='x86_64-unknown-linux-gnu'
host_alias=''
host_cpu='x86_64'
host_os='linux-gnu'
host_vendor='unknown'
includedir='${prefix}/include'
infodir='${prefix}/info'
libdir='${exec_prefix}/lib'
libexecdir='${exec_prefix}/libexec'
localstatedir='${prefix}/var'
mandir='${prefix}/man'
oldincludedir='/usr/include'
prefix='/usr/local'
program_transform_name='s,x,x,'
sbindir='${exec_prefix}/sbin'
sharedstatedir='${prefix}/com'
sysconfdir='${prefix}/etc'
target_alias=''
x_libraries=''

## ----------- ##
## confdefs.h. ##
## ----------- ##

#define HAVE_FCNTL_H 1
#define HAVE_FLOAT_H 1
#define HAVE_INTTYPES_H 1
#define HAVE_LIMITS_H 1
#define HAVE_MEMORY_H 1
#define HAVE_NETDB_H 1
#define HAVE_NETINET_IN_H 1
#define HAVE_STDDEF_H 1
#define HAVE_STDINT_H 1
#define HAVE_STDINT_H 1
#define HAVE_STDLIB_H 1
#define HAVE_STDLIB_H 1
#define HAVE_STRINGS_H 1
#define HAVE_STRINGS_H 1
#define HAVE_STRING_H 1
#define HAVE_STRING_H 1
#define HAVE_SYS_FILE_H 1
#define HAVE_SYS_IOCTL_H 1
#define HAVE_SYS_PARAM_H 1
#define HAVE_SYS_SOCKET_H 1
#define HAVE_SYS_STAT_H 1
#define HAVE_SYS_TIME_H 1
#define HAVE_SYS_TYPES_H 1
#define HAVE_TERMIOS_H 1
#define HAVE_UNISTD_H 1
#define HAVE_UNISTD_H 1
#define HAVE_VALUES_H 1
#define PACKAGE_BUGREPORT ""
#define PACKAGE_NAME "RTcmix"
#define PACKAGE_STRING "RTcmix 4.0"
#define PACKAGE_TARNAME "rtcmix"
#define PACKAGE_VERSION "4.0"
#define STDC_HEADERS 1
#endif
#ifdef __cplusplus
extern "C" void exit (int) throw ();

configure: exit 1
